nohup: 忽略输入
calculate binding sites: 1BF5A

calculate binding sites: 1CLQA

calculate binding sites: 1EBMA

calculate binding sites: 1EFAA

calculate binding sites: 1MWJA

calculate binding sites: 1NNEA

calculate binding sites: 1W7AA

calculate binding sites: 2NTZA

calculate binding sites: 2QBYA

calculate binding sites: 2VY1A

calculate binding sites: 2WWYA

calculate binding sites: 3AU6A

calculate binding sites: 3K4XA

calculate binding sites: 3KMDA

calculate binding sites: 3LSPA

calculate binding sites: 3RN2A

calculate binding sites: 3SLPA

calculate binding sites: 3U3WA

calculate binding sites: 4J2XA

calculate binding sites: 4NM6A

calculate binding sites: 4YG7D

calculate binding sites: 4ZSFA

calculate binding sites: 5AWHA

calculate binding sites: 5D39A
